qigsaw-android/splitcore/build/intermediates/manifest_merge_blame_file/debug/manifest-merger-blame-debug-report.txt
1<?xml version="1.0" encoding="utf-8"?>
2<manifest xmlns:android="http://schemas.android.com/apk/res/android"
3    package="com.iqiyi.android.qigsaw.core"
4    android:versionCode="1"
5    android:versionName="1.0" >
6
7    <uses-sdk
8        android:minSdkVersion="14"
8-->src/main/AndroidManifest.xml
9        android:targetSdkVersion="28" />
9-->src/main/AndroidManifest.xml
10
11    <application>
11-->src/main/AndroidManifest.xml:4:1-12:15
12        <activity
12-->src/main/AndroidManifest.xml:6:5-10:60
13            android:name="com.iqiyi.android.qigsaw.core.DefaultObtainUserConfirmationDialog"
13-->src/main/AndroidManifest.xml:7:9-89
14            android:exported="false"
14-->src/main/AndroidManifest.xml:8:9-33
15            android:screenOrientation="behind"
15-->src/main/AndroidManifest.xml:9:9-43
16            android:theme="@style/Theme.ActivityDialogStyle" />
16-->src/main/AndroidManifest.xml:10:9-57
17    </application>
18
19</manifest>